New progress update at Fri Mar 28 05:56:21 UTC 2025
New progress update at Fri Mar 28 05:57:42 UTC 2025
New progress update at Sat Mar 29 05:03:26 UTC 2025
New progress update at Sun Mar 30 04:15:41 UTC 2025
New progress update at Sun Mar 30 04:17:11 UTC 2025
New progress update at Sun Mar 30 04:39:50 UTC 2025
New progress update at Sun Mar 30 04:42:53 UTC 2025
New progress update at Mon Mar 31 02:23:36 UTC 2025
New progress update at Tue Apr  1 04:31:05 UTC 2025
New progress update at Tue Apr  1 04:31:54 UTC 2025
New progress update at Tue Apr  1 05:42:02 UTC 2025
New progress update at Tue Apr  1 15:03:01 UTC 2025
New progress update at Wed Apr  2 03:35:37 UTC 2025
New progress update at Wed Apr  2 03:39:09 UTC 2025
New progress update at Wed Apr  2 03:40:13 UTC 2025
New progress update at Wed Apr  2 03:40:51 UTC 2025
New progress update at Wed Apr  2 03:41:32 UTC 2025
New progress update at Wed Apr  2 03:42:10 UTC 2025
New progress update at Wed Apr  2 03:43:29 UTC 2025
New progress update at Wed Apr  2 03:43:57 UTC 2025
New progress update at Wed Apr  2 03:44:40 UTC 2025
New progress update at Wed Apr  2 03:45:30 UTC 2025
New progress update at Wed Apr  2 03:45:46 UTC 2025
New progress update at Wed Apr  2 04:15:30 UTC 2025
New progress update at Wed Apr  2 04:15:48 UTC 2025
New progress update at Wed Apr  2 04:16:09 UTC 2025
New progress update at Thu Apr  3 02:12:53 UTC 2025
New progress update at Thu Apr  3 02:13:53 UTC 2025
New progress update at Thu Apr  3 02:14:29 UTC 2025
New progress update at Thu Apr  3 02:15:03 UTC 2025
New progress update at Thu Apr  3 02:15:34 UTC 2025
New progress update at Thu Apr  3 02:15:50 UTC 2025
New progress update at Fri Apr  4 03:57:13 UTC 2025
New progress update at Fri Apr  4 03:57:35 UTC 2025
New progress update at Fri Apr  4 03:57:59 UTC 2025
